\BOOKMARK [1][-]{section*.1}{Summary}{}% 1
\BOOKMARK [1][-]{section*.2}{Acknowledgements}{}% 2
\BOOKMARK [1][-]{section.1}{Land Use}{}% 3
\BOOKMARK [2][-]{subsection.1.1}{Conventional Corn}{section.1}% 4
\BOOKMARK [2][-]{subsection.1.2}{Conventional Soy}{section.1}% 5
\BOOKMARK [2][-]{subsection.1.3}{Conservation Corn}{section.1}% 6
\BOOKMARK [2][-]{subsection.1.4}{Conservation Soy}{section.1}% 7
\BOOKMARK [2][-]{subsection.1.5}{Alfalfa}{section.1}% 8
\BOOKMARK [2][-]{subsection.1.6}{Mixed Fruit and Vegetables}{section.1}% 9
\BOOKMARK [2][-]{subsection.1.7}{Grass Hay}{section.1}% 10
\BOOKMARK [2][-]{subsection.1.8}{Switchgrass}{section.1}% 11
\BOOKMARK [2][-]{subsection.1.9}{Permanent Pasture}{section.1}% 12
\BOOKMARK [2][-]{subsection.1.10}{Rotational Grazing}{section.1}% 13
\BOOKMARK [2][-]{subsection.1.11}{Wetland}{section.1}% 14
\BOOKMARK [2][-]{subsection.1.12}{Prairie}{section.1}% 15
\BOOKMARK [2][-]{subsection.1.13}{Conventional Forest}{section.1}% 16
\BOOKMARK [2][-]{subsection.1.14}{Conservation Forest}{section.1}% 17
\BOOKMARK [2][-]{subsection.1.15}{Short-Rotation Woody Bioenergy}{section.1}% 18
\BOOKMARK [1][-]{section.2}{Physical Features}{}% 19
\BOOKMARK [2][-]{subsection.2.1}{Topographic Relief}{section.2}% 20
\BOOKMARK [2][-]{subsection.2.2}{Flood Frequency}{section.2}% 21
\BOOKMARK [2][-]{subsection.2.3}{Strategic Wetlands}{section.2}% 22
\BOOKMARK [2][-]{subsection.2.4}{Subwatershed Boundaries}{section.2}% 23
\BOOKMARK [2][-]{subsection.2.5}{Drainage Class}{section.2}% 24
\BOOKMARK [2][-]{subsection.2.6}{Soil Class}{section.2}% 25
\BOOKMARK [3][-]{subsubsection.2.6.1}{Hydrologic Group}{subsection.2.6}% 26
\BOOKMARK [2][-]{subsection.2.7}{Soil Texture}{section.2}% 27
\BOOKMARK [2][-]{subsection.2.8}{Corn Suitability Rating}{section.2}% 28
\BOOKMARK [1][-]{section.3}{Precipitation}{}% 29
\BOOKMARK [1][-]{section.4}{Management Practices}{}% 30
\BOOKMARK [2][-]{subsection.4.1}{Crop Rotation}{section.4}% 31
\BOOKMARK [1][-]{section.5}{Modules}{}% 32
\BOOKMARK [2][-]{subsection.5.1}{Habitat}{section.5}% 33
\BOOKMARK [3][-]{subsubsection.5.1.1}{Biodiversity}{subsection.5.1}% 34
\BOOKMARK [3][-]{subsubsection.5.1.2}{Game Wildlife}{subsection.5.1}% 35
\BOOKMARK [2][-]{subsection.5.2}{Soil Quality}{section.5}% 36
\BOOKMARK [3][-]{subsubsection.5.2.1}{Carbon Sequestration}{subsection.5.2}% 37
\BOOKMARK [3][-]{subsubsection.5.2.2}{Erosion Control}{subsection.5.2}% 38
\BOOKMARK [2][-]{subsection.5.3}{Water Quality}{section.5}% 39
\BOOKMARK [3][-]{subsubsection.5.3.1}{Nitrate Retention}{subsection.5.3}% 40
\BOOKMARK [3][-]{subsubsection.5.3.2}{Phosphorus Retention}{subsection.5.3}% 41
\BOOKMARK [3][-]{subsubsection.5.3.3}{Sediment Control}{subsection.5.3}% 42
\BOOKMARK [2][-]{subsection.5.4}{Yield}{section.5}% 43
\BOOKMARK [3][-]{subsubsection.5.4.1}{Corn Yield}{subsection.5.4}% 44
\BOOKMARK [3][-]{subsubsection.5.4.2}{Soybean Yield}{subsection.5.4}% 45
\BOOKMARK [3][-]{subsubsection.5.4.3}{Alfalfa Hay Yield}{subsection.5.4}% 46
\BOOKMARK [3][-]{subsubsection.5.4.4}{Grass Hay}{subsection.5.4}% 47
\BOOKMARK [3][-]{subsubsection.5.4.5}{Cattle Yield}{subsection.5.4}% 48
\BOOKMARK [3][-]{subsubsection.5.4.6}{Mixed Fruit and Vegetable Yield}{subsection.5.4}% 49
\BOOKMARK [3][-]{subsubsection.5.4.7}{Wood Yield}{subsection.5.4}% 50
\BOOKMARK [3][-]{subsubsection.5.4.8}{Switch Grass Yield}{subsection.5.4}% 51
\BOOKMARK [3][-]{subsubsection.5.4.9}{Woody Biomass}{subsection.5.4}% 52
\BOOKMARK [1][-]{section.6}{Functionality}{}% 53
\BOOKMARK [2][-]{subsection.6.1}{Navigating the PEWI Workspace}{section.6}% 54
\BOOKMARK [3][-]{subsubsection.6.1.1}{Tool Panel}{subsection.6.1}% 55
\BOOKMARK [3][-]{subsubsection.6.1.2}{Results Panel}{subsection.6.1}% 56
\BOOKMARK [3][-]{subsubsection.6.1.3}{Comment Panel}{subsection.6.1}% 57
\BOOKMARK [3][-]{subsubsection.6.1.4}{Index Information Box}{subsection.6.1}% 58
\BOOKMARK [3][-]{subsubsection.6.1.5}{View Perspective}{subsection.6.1}% 59
\BOOKMARK [3][-]{subsubsection.6.1.6}{Save Watershed}{subsection.6.1}% 60
\BOOKMARK [2][-]{subsection.6.2}{Main Menu}{section.6}% 61
\BOOKMARK [2][-]{subsection.6.3}{Guided Play}{section.6}% 62
\BOOKMARK [2][-]{subsection.6.4}{Multiplayer Mode}{section.6}% 63
\BOOKMARK [2][-]{subsection.6.5}{Pause Menu}{section.6}% 64
\BOOKMARK [2][-]{subsection.6.6}{Hover Information}{section.6}% 65
\BOOKMARK [2][-]{subsection.6.7}{Hotkeys}{section.6}% 66
\BOOKMARK [2][-]{subsection.6.8}{Hotkey Customization}{section.6}% 67
\BOOKMARK [2][-]{subsection.6.9}{Randomization}{section.6}% 68
\BOOKMARK [2][-]{subsection.6.10}{Undo Function}{section.6}% 69
\BOOKMARK [2][-]{subsection.6.11}{Print Function}{section.6}% 70
\BOOKMARK [2][-]{subsection.6.12}{Record}{section.6}% 71
\BOOKMARK [2][-]{subsection.6.13}{About}{section.6}% 72
