This is pdfTeX, Version 3.14159265-2.6-1.40.18 (MiKTeX 2.9.6350 64-bit) (preloaded format=pdflatex 2017.7.31)  8 AUG 2017 11:25
entering extended mode
**./advanced.tex
(advanced.tex
LaTeX2e <2017-04-15>
Babel <3.10> and hyphenation patterns for 75 language(s) loaded.
("C:\Program Files\MiKTeX 2.9\tex\latex\base\article.cls"
Document Class: article 2014/09/29 v1.4h Standard LaTeX document class
("C:\Program Files\MiKTeX 2.9\tex\latex\base\size11.clo"
File: size11.clo 2014/09/29 v1.4h Standard LaTeX file (size option)
)
\c@part=\count79
\c@section=\count80
\c@subsection=\count81
\c@subsubsection=\count82
\c@paragraph=\count83
\c@subparagraph=\count84
\c@figure=\count85
\c@table=\count86
\abovecaptionskip=\skip41
\belowcaptionskip=\skip42
\bibindent=\dimen102
)
("C:\Program Files\MiKTeX 2.9\tex\latex\lipsum\lipsum.sty"
Package: lipsum 2014/07/27 v1.3 150 paragraphs of Lorem Ipsum dummy text
\c@lips@count=\count87
)
("C:\Program Files\MiKTeX 2.9\tex\latex\geometry\geometry.sty"
Package: geometry 2010/09/12 v5.6 Page Geometry

("C:\Program Files\MiKTeX 2.9\tex\latex\graphics\keyval.sty"
Package: keyval 2014/10/28 v1.15 key=value parser (DPC)
\KV@toks@=\toks14
)
("C:\Program Files\MiKTeX 2.9\tex\generic\oberdiek\ifpdf.sty"
Package: ifpdf 2017/03/15 v3.2 Provides the ifpdf switch
)
("C:\Program Files\MiKTeX 2.9\tex\generic\oberdiek\ifvtex.sty"
Package: ifvtex 2016/05/16 v1.6 Detect VTeX and its facilities (HO)
Package ifvtex Info: VTeX not detected.
)
("C:\Program Files\MiKTeX 2.9\tex\generic\ifxetex\ifxetex.sty"
Package: ifxetex 2010/09/12 v0.6 Provides ifxetex conditional
)
\Gm@cnth=\count88
\Gm@cntv=\count89
\c@Gm@tempcnt=\count90
\Gm@bindingoffset=\dimen103
\Gm@wd@mp=\dimen104
\Gm@odd@mp=\dimen105
\Gm@even@mp=\dimen106
\Gm@layoutwidth=\dimen107
\Gm@layoutheight=\dimen108
\Gm@layouthoffset=\dimen109
\Gm@layoutvoffset=\dimen110
\Gm@dimlist=\toks15

("C:\Program Files\MiKTeX 2.9\tex\latex\geometry\geometry.cfg"))
("C:\Program Files\MiKTeX 2.9\tex\latex\base\inputenc.sty"
Package: inputenc 2015/03/17 v1.2c Input encoding file
\inpenc@prehook=\toks16
\inpenc@posthook=\toks17

("C:\Program Files\MiKTeX 2.9\tex\latex\base\utf8.def"
File: utf8.def 2017/01/28 v1.1t UTF-8 support for inputenc
Now handling font encoding OML ...
... no UTF-8 mapping file for font encoding OML
Now handling font encoding T1 ...
... processing UTF-8 mapping file for font encoding T1

("C:\Program Files\MiKTeX 2.9\tex\latex\base\t1enc.dfu"
File: t1enc.dfu 2017/01/28 v1.1t UTF-8 support for inputenc
   defining Unicode char U+00A0 (decimal 160)
   defining Unicode char U+00A1 (decimal 161)
   defining Unicode char U+00A3 (decimal 163)
   defining Unicode char U+00AB (decimal 171)
   defining Unicode char U+00AD (decimal 173)
   defining Unicode char U+00BB (decimal 187)
   defining Unicode char U+00BF (decimal 191)
   defining Unicode char U+00C0 (decimal 192)
   defining Unicode char U+00C1 (decimal 193)
   defining Unicode char U+00C2 (decimal 194)
   defining Unicode char U+00C3 (decimal 195)
   defining Unicode char U+00C4 (decimal 196)
   defining Unicode char U+00C5 (decimal 197)
   defining Unicode char U+00C6 (decimal 198)
   defining Unicode char U+00C7 (decimal 199)
   defining Unicode char U+00C8 (decimal 200)
   defining Unicode char U+00C9 (decimal 201)
   defining Unicode char U+00CA (decimal 202)
   defining Unicode char U+00CB (decimal 203)
   defining Unicode char U+00CC (decimal 204)
   defining Unicode char U+00CD (decimal 205)
   defining Unicode char U+00CE (decimal 206)
   defining Unicode char U+00CF (decimal 207)
   defining Unicode char U+00D0 (decimal 208)
   defining Unicode char U+00D1 (decimal 209)
   defining Unicode char U+00D2 (decimal 210)
   defining Unicode char U+00D3 (decimal 211)
   defining Unicode char U+00D4 (decimal 212)
   defining Unicode char U+00D5 (decimal 213)
   defining Unicode char U+00D6 (decimal 214)
   defining Unicode char U+00D8 (decimal 216)
   defining Unicode char U+00D9 (decimal 217)
   defining Unicode char U+00DA (decimal 218)
   defining Unicode char U+00DB (decimal 219)
   defining Unicode char U+00DC (decimal 220)
   defining Unicode char U+00DD (decimal 221)
   defining Unicode char U+00DE (decimal 222)
   defining Unicode char U+00DF (decimal 223)
   defining Unicode char U+00E0 (decimal 224)
   defining Unicode char U+00E1 (decimal 225)
   defining Unicode char U+00E2 (decimal 226)
   defining Unicode char U+00E3 (decimal 227)
   defining Unicode char U+00E4 (decimal 228)
   defining Unicode char U+00E5 (decimal 229)
   defining Unicode char U+00E6 (decimal 230)
   defining Unicode char U+00E7 (decimal 231)
   defining Unicode char U+00E8 (decimal 232)
   defining Unicode char U+00E9 (decimal 233)
   defining Unicode char U+00EA (decimal 234)
   defining Unicode char U+00EB (decimal 235)
   defining Unicode char U+00EC (decimal 236)
   defining Unicode char U+00ED (decimal 237)
   defining Unicode char U+00EE (decimal 238)
   defining Unicode char U+00EF (decimal 239)
   defining Unicode char U+00F0 (decimal 240)
   defining Unicode char U+00F1 (decimal 241)
   defining Unicode char U+00F2 (decimal 242)
   defining Unicode char U+00F3 (decimal 243)
   defining Unicode char U+00F4 (decimal 244)
   defining Unicode char U+00F5 (decimal 245)
   defining Unicode char U+00F6 (decimal 246)
   defining Unicode char U+00F8 (decimal 248)
   defining Unicode char U+00F9 (decimal 249)
   defining Unicode char U+00FA (decimal 250)
   defining Unicode char U+00FB (decimal 251)
   defining Unicode char U+00FC (decimal 252)
   defining Unicode char U+00FD (decimal 253)
   defining Unicode char U+00FE (decimal 254)
   defining Unicode char U+00FF (decimal 255)
   defining Unicode char U+0100 (decimal 256)
   defining Unicode char U+0101 (decimal 257)
   defining Unicode char U+0102 (decimal 258)
   defining Unicode char U+0103 (decimal 259)
   defining Unicode char U+0104 (decimal 260)
   defining Unicode char U+0105 (decimal 261)
   defining Unicode char U+0106 (decimal 262)
   defining Unicode char U+0107 (decimal 263)
   defining Unicode char U+0108 (decimal 264)
   defining Unicode char U+0109 (decimal 265)
   defining Unicode char U+010A (decimal 266)
   defining Unicode char U+010B (decimal 267)
   defining Unicode char U+010C (decimal 268)
   defining Unicode char U+010D (decimal 269)
   defining Unicode char U+010E (decimal 270)
   defining Unicode char U+010F (decimal 271)
   defining Unicode char U+0110 (decimal 272)
   defining Unicode char U+0111 (decimal 273)
   defining Unicode char U+0112 (decimal 274)
   defining Unicode char U+0113 (decimal 275)
   defining Unicode char U+0114 (decimal 276)
   defining Unicode char U+0115 (decimal 277)
   defining Unicode char U+0116 (decimal 278)
   defining Unicode char U+0117 (decimal 279)
   defining Unicode char U+0118 (decimal 280)
   defining Unicode char U+0119 (decimal 281)
   defining Unicode char U+011A (decimal 282)
   defining Unicode char U+011B (decimal 283)
   defining Unicode char U+011C (decimal 284)
   defining Unicode char U+011D (decimal 285)
   defining Unicode char U+011E (decimal 286)
   defining Unicode char U+011F (decimal 287)
   defining Unicode char U+0120 (decimal 288)
   defining Unicode char U+0121 (decimal 289)
   defining Unicode char U+0122 (decimal 290)
   defining Unicode char U+0123 (decimal 291)
   defining Unicode char U+0124 (decimal 292)
   defining Unicode char U+0125 (decimal 293)
   defining Unicode char U+0128 (decimal 296)
   defining Unicode char U+0129 (decimal 297)
   defining Unicode char U+012A (decimal 298)
   defining Unicode char U+012B (decimal 299)
   defining Unicode char U+012C (decimal 300)
   defining Unicode char U+012D (decimal 301)
   defining Unicode char U+012E (decimal 302)
   defining Unicode char U+012F (decimal 303)
   defining Unicode char U+0130 (decimal 304)
   defining Unicode char U+0131 (decimal 305)
   defining Unicode char U+0132 (decimal 306)
   defining Unicode char U+0133 (decimal 307)
   defining Unicode char U+0134 (decimal 308)
   defining Unicode char U+0135 (decimal 309)
   defining Unicode char U+0136 (decimal 310)
   defining Unicode char U+0137 (decimal 311)
   defining Unicode char U+0139 (decimal 313)
   defining Unicode char U+013A (decimal 314)
   defining Unicode char U+013B (decimal 315)
   defining Unicode char U+013C (decimal 316)
   defining Unicode char U+013D (decimal 317)
   defining Unicode char U+013E (decimal 318)
   defining Unicode char U+0141 (decimal 321)
   defining Unicode char U+0142 (decimal 322)
   defining Unicode char U+0143 (decimal 323)
   defining Unicode char U+0144 (decimal 324)
   defining Unicode char U+0145 (decimal 325)
   defining Unicode char U+0146 (decimal 326)
   defining Unicode char U+0147 (decimal 327)
   defining Unicode char U+0148 (decimal 328)
   defining Unicode char U+014A (decimal 330)
   defining Unicode char U+014B (decimal 331)
   defining Unicode char U+014C (decimal 332)
   defining Unicode char U+014D (decimal 333)
   defining Unicode char U+014E (decimal 334)
   defining Unicode char U+014F (decimal 335)
   defining Unicode char U+0150 (decimal 336)
   defining Unicode char U+0151 (decimal 337)
   defining Unicode char U+0152 (decimal 338)
   defining Unicode char U+0153 (decimal 339)
   defining Unicode char U+0154 (decimal 340)
   defining Unicode char U+0155 (decimal 341)
   defining Unicode char U+0156 (decimal 342)
   defining Unicode char U+0157 (decimal 343)
   defining Unicode char U+0158 (decimal 344)
   defining Unicode char U+0159 (decimal 345)
   defining Unicode char U+015A (decimal 346)
   defining Unicode char U+015B (decimal 347)
   defining Unicode char U+015C (decimal 348)
   defining Unicode char U+015D (decimal 349)
   defining Unicode char U+015E (decimal 350)
   defining Unicode char U+015F (decimal 351)
   defining Unicode char U+0160 (decimal 352)
   defining Unicode char U+0161 (decimal 353)
   defining Unicode char U+0162 (decimal 354)
   defining Unicode char U+0163 (decimal 355)
   defining Unicode char U+0164 (decimal 356)
   defining Unicode char U+0165 (decimal 357)
   defining Unicode char U+0168 (decimal 360)
   defining Unicode char U+0169 (decimal 361)
   defining Unicode char U+016A (decimal 362)
   defining Unicode char U+016B (decimal 363)
   defining Unicode char U+016C (decimal 364)
   defining Unicode char U+016D (decimal 365)
   defining Unicode char U+016E (decimal 366)
   defining Unicode char U+016F (decimal 367)
   defining Unicode char U+0170 (decimal 368)
   defining Unicode char U+0171 (decimal 369)
   defining Unicode char U+0172 (decimal 370)
   defining Unicode char U+0173 (decimal 371)
   defining Unicode char U+0174 (decimal 372)
   defining Unicode char U+0175 (decimal 373)
   defining Unicode char U+0176 (decimal 374)
   defining Unicode char U+0177 (decimal 375)
   defining Unicode char U+0178 (decimal 376)
   defining Unicode char U+0179 (decimal 377)
   defining Unicode char U+017A (decimal 378)
   defining Unicode char U+017B (decimal 379)
   defining Unicode char U+017C (decimal 380)
   defining Unicode char U+017D (decimal 381)
   defining Unicode char U+017E (decimal 382)
   defining Unicode char U+01CD (decimal 461)
   defining Unicode char U+01CE (decimal 462)
   defining Unicode char U+01CF (decimal 463)
   defining Unicode char U+01D0 (decimal 464)
   defining Unicode char U+01D1 (decimal 465)
   defining Unicode char U+01D2 (decimal 466)
   defining Unicode char U+01D3 (decimal 467)
   defining Unicode char U+01D4 (decimal 468)
   defining Unicode char U+01E2 (decimal 482)
   defining Unicode char U+01E3 (decimal 483)
   defining Unicode char U+01E6 (decimal 486)
   defining Unicode char U+01E7 (decimal 487)
   defining Unicode char U+01E8 (decimal 488)
   defining Unicode char U+01E9 (decimal 489)
   defining Unicode char U+01EA (decimal 490)
   defining Unicode char U+01EB (decimal 491)
   defining Unicode char U+01F0 (decimal 496)
   defining Unicode char U+01F4 (decimal 500)
   defining Unicode char U+01F5 (decimal 501)
   defining Unicode char U+0218 (decimal 536)
   defining Unicode char U+0219 (decimal 537)
   defining Unicode char U+021A (decimal 538)
   defining Unicode char U+021B (decimal 539)
   defining Unicode char U+0232 (decimal 562)
   defining Unicode char U+0233 (decimal 563)
   defining Unicode char U+1E02 (decimal 7682)
   defining Unicode char U+1E03 (decimal 7683)
   defining Unicode char U+200C (decimal 8204)
   defining Unicode char U+2010 (decimal 8208)
   defining Unicode char U+2011 (decimal 8209)
   defining Unicode char U+2012 (decimal 8210)
   defining Unicode char U+2013 (decimal 8211)
   defining Unicode char U+2014 (decimal 8212)
   defining Unicode char U+2015 (decimal 8213)
   defining Unicode char U+2018 (decimal 8216)
   defining Unicode char U+2019 (decimal 8217)
   defining Unicode char U+201A (decimal 8218)
   defining Unicode char U+201C (decimal 8220)
   defining Unicode char U+201D (decimal 8221)
   defining Unicode char U+201E (decimal 8222)
   defining Unicode char U+2030 (decimal 8240)
   defining Unicode char U+2031 (decimal 8241)
   defining Unicode char U+2039 (decimal 8249)
   defining Unicode char U+203A (decimal 8250)
   defining Unicode char U+2423 (decimal 9251)
   defining Unicode char U+1E20 (decimal 7712)
   defining Unicode char U+1E21 (decimal 7713)
)
Now handling font encoding OT1 ...
... processing UTF-8 mapping file for font encoding OT1

("C:\Program Files\MiKTeX 2.9\tex\latex\base\ot1enc.dfu"
File: ot1enc.dfu 2017/01/28 v1.1t UTF-8 support for inputenc
   defining Unicode char U+00A0 (decimal 160)
   defining Unicode char U+00A1 (decimal 161)
   defining Unicode char U+00A3 (decimal 163)
   defining Unicode char U+00AD (decimal 173)
   defining Unicode char U+00B8 (decimal 184)
   defining Unicode char U+00BF (decimal 191)
   defining Unicode char U+00C5 (decimal 197)
   defining Unicode char U+00C6 (decimal 198)
   defining Unicode char U+00D8 (decimal 216)
   defining Unicode char U+00DF (decimal 223)
   defining Unicode char U+00E6 (decimal 230)
   defining Unicode char U+00EC (decimal 236)
   defining Unicode char U+00ED (decimal 237)
   defining Unicode char U+00EE (decimal 238)
   defining Unicode char U+00EF (decimal 239)
   defining Unicode char U+00F8 (decimal 248)
   defining Unicode char U+0131 (decimal 305)
   defining Unicode char U+0141 (decimal 321)
   defining Unicode char U+0142 (decimal 322)
   defining Unicode char U+0152 (decimal 338)
   defining Unicode char U+0153 (decimal 339)
   defining Unicode char U+0174 (decimal 372)
   defining Unicode char U+0175 (decimal 373)
   defining Unicode char U+0176 (decimal 374)
   defining Unicode char U+0177 (decimal 375)
   defining Unicode char U+0218 (decimal 536)
   defining Unicode char U+0219 (decimal 537)
   defining Unicode char U+021A (decimal 538)
   defining Unicode char U+021B (decimal 539)
   defining Unicode char U+2013 (decimal 8211)
   defining Unicode char U+2014 (decimal 8212)
   defining Unicode char U+2018 (decimal 8216)
   defining Unicode char U+2019 (decimal 8217)
   defining Unicode char U+201C (decimal 8220)
   defining Unicode char U+201D (decimal 8221)
)
Now handling font encoding OMS ...
... processing UTF-8 mapping file for font encoding OMS

("C:\Program Files\MiKTeX 2.9\tex\latex\base\omsenc.dfu"
File: omsenc.dfu 2017/01/28 v1.1t UTF-8 support for inputenc
   defining Unicode char U+00A7 (decimal 167)
   defining Unicode char U+00B6 (decimal 182)
   defining Unicode char U+00B7 (decimal 183)
   defining Unicode char U+2020 (decimal 8224)
   defining Unicode char U+2021 (decimal 8225)
   defining Unicode char U+2022 (decimal 8226)
)
Now handling font encoding OMX ...
... no UTF-8 mapping file for font encoding OMX
Now handling font encoding U ...
... no UTF-8 mapping file for font encoding U
   defining Unicode char U+00A9 (decimal 169)
   defining Unicode char U+00AA (decimal 170)
   defining Unicode char U+00AE (decimal 174)
   defining Unicode char U+00BA (decimal 186)
   defining Unicode char U+02C6 (decimal 710)
   defining Unicode char U+02DC (decimal 732)
   defining Unicode char U+200C (decimal 8204)
   defining Unicode char U+2026 (decimal 8230)
   defining Unicode char U+2122 (decimal 8482)
   defining Unicode char U+2423 (decimal 9251)
))
("C:\Program Files\MiKTeX 2.9\tex\latex\hyperref\hyperref.sty"
Package: hyperref 2017/03/14 v6.85a Hypertext links for LaTeX

("C:\Program Files\MiKTeX 2.9\tex\generic\oberdiek\hobsub-hyperref.sty"
Package: hobsub-hyperref 2016/05/16 v1.14 Bundle oberdiek, subset hyperref (HO)


("C:\Program Files\MiKTeX 2.9\tex\generic\oberdiek\hobsub-generic.sty"
Package: hobsub-generic 2016/05/16 v1.14 Bundle oberdiek, subset generic (HO)
Package: hobsub 2016/05/16 v1.14 Construct package bundles (HO)
Package: infwarerr 2016/05/16 v1.4 Providing info/warning/error messages (HO)
Package: ltxcmds 2016/05/16 v1.23 LaTeX kernel commands for general use (HO)
Package: ifluatex 2016/05/16 v1.4 Provides the ifluatex switch (HO)
Package ifluatex Info: LuaTeX not detected.
Package hobsub Info: Skipping package `ifvtex' (already loaded).
Package: intcalc 2016/05/16 v1.2 Expandable calculations with integers (HO)
Package hobsub Info: Skipping package `ifpdf' (already loaded).
Package: etexcmds 2016/05/16 v1.6 Avoid name clashes with e-TeX commands (HO)
Package etexcmds Info: Could not find \expanded.
(etexcmds)             That can mean that you are not using pdfTeX 1.50 or
(etexcmds)             that some package has redefined \expanded.
(etexcmds)             In the latter case, load this package earlier.
Package: kvsetkeys 2016/05/16 v1.17 Key value parser (HO)
Package: kvdefinekeys 2016/05/16 v1.4 Define keys (HO)
Package: pdftexcmds 2017/03/19 v0.25 Utility functions of pdfTeX for LuaTeX (HO
)
Package pdftexcmds Info: LuaTeX not detected.
Package pdftexcmds Info: \pdf@primitive is available.
Package pdftexcmds Info: \pdf@ifprimitive is available.
Package pdftexcmds Info: \pdfdraftmode found.
Package: pdfescape 2016/05/16 v1.14 Implements pdfTeX's escape features (HO)
Package: bigintcalc 2016/05/16 v1.4 Expandable calculations on big integers (HO
)
Package: bitset 2016/05/16 v1.2 Handle bit-vector datatype (HO)
Package: uniquecounter 2016/05/16 v1.3 Provide unlimited unique counter (HO)
)
Package hobsub Info: Skipping package `hobsub' (already loaded).
Package: letltxmacro 2016/05/16 v1.5 Let assignment for LaTeX macros (HO)
Package: hopatch 2016/05/16 v1.3 Wrapper for package hooks (HO)
Package: xcolor-patch 2016/05/16 xcolor patch
Package: atveryend 2016/05/16 v1.9 Hooks at the very end of document (HO)
Package atveryend Info: \enddocument detected (standard20110627).
Package: atbegshi 2016/06/09 v1.18 At begin shipout hook (HO)
Package: refcount 2016/05/16 v3.5 Data extraction from label references (HO)
Package: hycolor 2016/05/16 v1.8 Color options for hyperref/bookmark (HO)
)
("C:\Program Files\MiKTeX 2.9\tex\latex\oberdiek\auxhook.sty"
Package: auxhook 2016/05/16 v1.4 Hooks for auxiliary files (HO)
)
("C:\Program Files\MiKTeX 2.9\tex\latex\oberdiek\kvoptions.sty"
Package: kvoptions 2016/05/16 v3.12 Key value format for package options (HO)
)
\@linkdim=\dimen111
\Hy@linkcounter=\count91
\Hy@pagecounter=\count92

("C:\Program Files\MiKTeX 2.9\tex\latex\hyperref\pd1enc.def"
File: pd1enc.def 2017/03/14 v6.85a Hyperref: PDFDocEncoding definition (HO)
Now handling font encoding PD1 ...
... no UTF-8 mapping file for font encoding PD1
)
\Hy@SavedSpaceFactor=\count93

("C:\Program Files\MiKTeX 2.9\tex\latex\00miktex\hyperref.cfg"
File: hyperref.cfg 2002/06/06 v1.2 hyperref configuration of TeXLive
)
Package hyperref Info: Hyper figures OFF on input line 4498.
Package hyperref Info: Link nesting OFF on input line 4503.
Package hyperref Info: Hyper index ON on input line 4506.
Package hyperref Info: Plain pages OFF on input line 4513.
Package hyperref Info: Backreferencing OFF on input line 4518.
Package hyperref Info: Implicit mode ON; LaTeX internals redefined.
Package hyperref Info: Bookmarks ON on input line 4751.
\c@Hy@tempcnt=\count94

("C:\Program Files\MiKTeX 2.9\tex\latex\url\url.sty"
\Urlmuskip=\muskip10
Package: url 2013/09/16  ver 3.4  Verb mode for urls, etc.
)
LaTeX Info: Redefining \url on input line 5104.
\XeTeXLinkMargin=\dimen112
\Fld@menulength=\count95
\Field@Width=\dimen113
\Fld@charsize=\dimen114
Package hyperref Info: Hyper figures OFF on input line 6358.
Package hyperref Info: Link nesting OFF on input line 6363.
Package hyperref Info: Hyper index ON on input line 6366.
Package hyperref Info: backreferencing OFF on input line 6373.
Package hyperref Info: Link coloring OFF on input line 6378.
Package hyperref Info: Link coloring with OCG OFF on input line 6383.
Package hyperref Info: PDF/A mode OFF on input line 6388.
LaTeX Info: Redefining \ref on input line 6428.
LaTeX Info: Redefining \pageref on input line 6432.
\Hy@abspage=\count96
\c@Item=\count97
\c@Hfootnote=\count98
)

Package hyperref Message: Driver (autodetected): hpdftex.

("C:\Program Files\MiKTeX 2.9\tex\latex\hyperref\hpdftex.def"
File: hpdftex.def 2017/03/14 v6.85a Hyperref driver for pdfTeX
\Fld@listcount=\count99
\c@bookmark@seq@number=\count100

("C:\Program Files\MiKTeX 2.9\tex\latex\oberdiek\rerunfilecheck.sty"
Package: rerunfilecheck 2016/05/16 v1.8 Rerun checks for auxiliary files (HO)
Package uniquecounter Info: New unique counter `rerunfilecheck' on input line 2
82.
)
\Hy@SectionHShift=\skip43
)
("C:\Program Files\MiKTeX 2.9\tex\latex\multirow\multirow.sty"
Package: multirow 2016/11/25 v2.2 Span multiple rows of a table
\multirow@colwidth=\skip44
\multirow@cntb=\count101
\multirow@dima=\skip45
\bigstrutjot=\dimen115
)
("C:\Program Files\MiKTeX 2.9\tex\latex\float\float.sty"
Package: float 2001/11/08 v1.3d Float enhancements (AL)
\c@float@type=\count102
\float@exts=\toks18
\float@box=\box26
\@float@everytoks=\toks19
\@floatcapt=\box27
)
("C:\Program Files\MiKTeX 2.9\tex\latex\graphics\graphicx.sty"
Package: graphicx 2014/10/28 v1.0g Enhanced LaTeX Graphics (DPC,SPQR)

("C:\Program Files\MiKTeX 2.9\tex\latex\graphics\graphics.sty"
Package: graphics 2017/04/14 v1.1b Standard LaTeX Graphics (DPC,SPQR)

("C:\Program Files\MiKTeX 2.9\tex\latex\graphics\trig.sty"
Package: trig 2016/01/03 v1.10 sin cos tan (DPC)
)
("C:\Program Files\MiKTeX 2.9\tex\latex\graphics-cfg\graphics.cfg"
File: graphics.cfg 2016/06/04 v1.11 sample graphics configuration
)
Package graphics Info: Driver file: pdftex.def on input line 99.

("C:\Program Files\MiKTeX 2.9\tex\latex\graphics-def\pdftex.def"
File: pdftex.def 2017/01/12 v0.06k Graphics/color for pdfTeX
\Gread@gobject=\count103
))
\Gin@req@height=\dimen116
\Gin@req@width=\dimen117
)
("C:\Program Files\MiKTeX 2.9\tex\latex\fancyhdr\fancyhdr.sty"
Package: fancyhdr 2017/06/30 v3.9a Extensive control of page headers and footer
s
\f@nch@headwidth=\skip46
\f@nch@O@elh=\skip47
\f@nch@O@erh=\skip48
\f@nch@O@olh=\skip49
\f@nch@O@orh=\skip50
\f@nch@O@elf=\skip51
\f@nch@O@erf=\skip52
\f@nch@O@olf=\skip53
\f@nch@O@orf=\skip54
)
Package hyperref Info: Option `colorlinks' set `true' on input line 32.
 (advanced.aux)
\openout1 = `advanced.aux'.

LaTeX Font Info:    Checking defaults for OML/cmm/m/it on input line 36.
LaTeX Font Info:    ... okay on input line 36.
LaTeX Font Info:    Checking defaults for T1/cmr/m/n on input line 36.
LaTeX Font Info:    ... okay on input line 36.
LaTeX Font Info:    Checking defaults for OT1/cmr/m/n on input line 36.
LaTeX Font Info:    ... okay on input line 36.
LaTeX Font Info:    Checking defaults for OMS/cmsy/m/n on input line 36.
LaTeX Font Info:    ... okay on input line 36.
LaTeX Font Info:    Checking defaults for OMX/cmex/m/n on input line 36.
LaTeX Font Info:    ... okay on input line 36.
LaTeX Font Info:    Checking defaults for U/cmr/m/n on input line 36.
LaTeX Font Info:    ... okay on input line 36.
LaTeX Font Info:    Checking defaults for PD1/pdf/m/n on input line 36.
LaTeX Font Info:    ... okay on input line 36.

*geometry* driver: auto-detecting
*geometry* detected driver: pdftex
*geometry* verbose mode - [ preamble ] result:
* driver: pdftex
* paper: <default>
* layout: <same size as paper>
* layoutoffset:(h,v)=(0.0pt,0.0pt)
* modes: includefoot 
* h-part:(L,W,R)=(72.26999pt, 469.75502pt, 72.26999pt)
* v-part:(T,H,B)=(72.26999pt, 650.43001pt, 72.26999pt)
* \paperwidth=614.295pt
* \paperheight=794.96999pt
* \textwidth=469.75502pt
* \textheight=620.43001pt
* \oddsidemargin=0.0pt
* \evensidemargin=0.0pt
* \topmargin=-37.0pt
* \headheight=12.0pt
* \headsep=25.0pt
* \topskip=11.0pt
* \footskip=30.0pt
* \marginparwidth=59.0pt
* \marginparsep=10.0pt
* \columnsep=10.0pt
* \skip\footins=10.0pt plus 4.0pt minus 2.0pt
* \hoffset=0.0pt
* \voffset=0.0pt
* \mag=1000
* \@twocolumnfalse
* \@twosidefalse
* \@mparswitchfalse
* \@reversemarginfalse
* (1in=72.27pt=25.4mm, 1cm=28.453pt)

\AtBeginShipoutBox=\box28
("C:\Program Files\MiKTeX 2.9\tex\latex\graphics\color.sty"
Package: color 2016/07/10 v1.1e Standard LaTeX Color (DPC)

("C:\Program Files\MiKTeX 2.9\tex\latex\graphics-cfg\color.cfg"
File: color.cfg 2016/01/02 v1.6 sample color configuration
)
Package color Info: Driver file: pdftex.def on input line 147.
)
Package hyperref Info: Link coloring ON on input line 36.

("C:\Program Files\MiKTeX 2.9\tex\latex\hyperref\nameref.sty"
Package: nameref 2016/05/21 v2.44 Cross-referencing by name of section

("C:\Program Files\MiKTeX 2.9\tex\generic\oberdiek\gettitlestring.sty"
Package: gettitlestring 2016/05/16 v1.5 Cleanup title references (HO)
)
\c@section@level=\count104
)
LaTeX Info: Redefining \ref on input line 36.
LaTeX Info: Redefining \pageref on input line 36.
LaTeX Info: Redefining \nameref on input line 36.

(advanced.out) (advanced.out)
\@outlinefile=\write3
\openout3 = `advanced.out'.


("C:\Program Files\MiKTeX 2.9\tex\context\base\supp-pdf.mkii"
[Loading MPS to PDF converter (version 2006.09.02).]
\scratchcounter=\count105
\scratchdimen=\dimen118
\scratchbox=\box29
\nofMPsegments=\count106
\nofMParguments=\count107
\everyMPshowfont=\toks20
\MPscratchCnt=\count108
\MPscratchDim=\dimen119
\MPnumerator=\count109
\makeMPintoPDFobject=\count110
\everyMPtoPDFconversion=\toks21
) ("C:\Program Files\MiKTeX 2.9\tex\latex\oberdiek\epstopdf-base.sty"
Package: epstopdf-base 2016/05/15 v2.6 Base part for package epstopdf

("C:\Program Files\MiKTeX 2.9\tex\latex\oberdiek\grfext.sty"
Package: grfext 2016/05/16 v1.2 Manage graphics extensions (HO)
)
Package epstopdf-base Info: Redefining graphics rule for `.eps' on input line 4
38.
Package grfext Info: Graphics extension search list:
(grfext)             [.png,.pdf,.jpg,.mps,.jpeg,.jbig2,.jb2,.PNG,.PDF,.JPG,.JPE
G,.JBIG2,.JB2,.eps]
(grfext)             \AppendGraphicsExtensions on input line 456.
)
<../imgs/updatedPewiLogo.png, id=291, 934.49126pt x 930.47626pt>
File: ../imgs/updatedPewiLogo.png Graphic file (type png)

<use ../imgs/updatedPewiLogo.png>
Package pdftex.def Info: ../imgs/updatedPewiLogo.png used on input line 52.
(pdftex.def)             Requested size: 217.73752pt x 216.81pt.
LaTeX Font Info:    External font `cmex10' loaded for size
(Font)              <12> on input line 52.
LaTeX Font Info:    External font `cmex10' loaded for size
(Font)              <8> on input line 52.
LaTeX Font Info:    External font `cmex10' loaded for size
(Font)              <6> on input line 52.
 [1

{C:/ProgramData/MiKTeX/2.9/pdftex/config/pdftex.map} <../imgs/updatedPewiLogo.p
ng>] [1] [2

] (advanced.toc
LaTeX Font Info:    External font `cmex10' loaded for size
(Font)              <10.95> on input line 4.
 [3

])
\tf@toc=\write4
\openout4 = `advanced.toc'.

 [4]pdfTeX warning (ext4): destination with the same identifier (name{page.1}) 
has been already used, duplicate ignored
<to be read again> 
                   \relax 
l.117 
       [1

] [2] [3] [4] [5]
LaTeX Font Info:    Try loading font information for OMS+cmr on input line 255.


("C:\Program Files\MiKTeX 2.9\tex\latex\base\omscmr.fd"
File: omscmr.fd 2014/09/29 v2.5h Standard LaTeX font definitions
)
LaTeX Font Info:    Font shape `OMS/cmr/m/n' in size <10.95> not available
(Font)              Font shape `OMS/cmsy/m/n' tried instead on input line 255.
 [6] [7] [8] [9]
[10]
! Missing $ inserted.
<inserted text> 
                $
l.385 ...row{5}{3em}{Cover Management Factor} & C_
                                                  i_j & Conventional Corn pr...
I've inserted a begin-math/end-math symbol since I think
you left one out. Proceed, with fingers crossed.

! Double subscript.
l.385 ...w{5}{3em}{Cover Management Factor} & C_i_
                                                  j & Conventional Corn prec...
I treat `x_1_2' essentially like `x_1{}_2'.

! Extra }, or forgotten $.
<template> \unskip \hfil }
                          \hskip \tabcolsep \hskip -.5\arrayrulewidth \vrule...
l.385 ...}{3em}{Cover Management Factor} & C_i_j &
                                                   Conventional Corn precedi...
I've deleted a group-closing symbol because it seems to be
spurious, as in `$x}$'. But perhaps the } is legitimate and
you forgot something else, as in `\hbox{$x}'. In such cases
the way to recover is to insert both the forgotten and the
deleted material, e.g., by typing `I$}'.

! Missing $ inserted.
<inserted text> 
                $
l.385 ...}{3em}{Cover Management Factor} & C_i_j &
                                                   Conventional Corn precedi...
I've inserted a begin-math/end-math symbol since I think
you left one out. Proceed, with fingers crossed.

! Missing } inserted.
<inserted text> 
                }
l.385 ...}{3em}{Cover Management Factor} & C_i_j &
                                                   Conventional Corn precedi...
I've inserted something that you may have forgotten.
(See the <inserted text> above.)
With luck, this will get me unwedged. But if you
really didn't forget anything, try typing `2' now; then
my insertion and my current dilemma will both disappear.


Overfull \hbox (65.43507pt too wide) in paragraph at lines 383--413
 [] 
 []

[11] [12] [13]
Overfull \hbox (0.60829pt too wide) in paragraph at lines 465--465
[]|\OT1/cmr/m/n/10.95 Fissore 
 []


Overfull \hbox (78.31133pt too wide) in paragraph at lines 458--503
 [] 
 []

[14]

! Package inputenc Error: Unicode char ⁡ (U+2061)
(inputenc)                not set up for use with LaTeX.

See the inputenc package documentation for explanation.
Type  H <return>  for immediate help.
 ...                                              
                                                  
l.532 $$\sum_{n=1}^n\bigg[max⁡
                                \bigg\{100*PW_i \sum_{j=1}^{m_i} R_i_j  C_i_...

Your command was ignored.
Type  I <command> <return>  to replace it with another command,
or  <return>  to continue without it.

! Double subscript.
l.532 ...x⁡\bigg\{100*PW_i \sum_{j=1}^{m_i} R_i_
                                                  j  C_i_j,2\bigg\}* \[\frac...
I treat `x_1_2' essentially like `x_1{}_2'.

! Double subscript.
l.532 ...gg\{100*PW_i \sum_{j=1}^{m_i} R_i_j  C_i_
                                                  j,2\bigg\}* \[\frac{A_(i.)...
I treat `x_1_2' essentially like `x_1{}_2'.


! LaTeX Error: Bad math environment delimiter.

See the LaTeX manual or LaTeX Companion for explanation.
Type  H <return>  for immediate help.
 ...                                              
                                                  
l.532 ...sum_{j=1}^{m_i} R_i_j  C_i_j,2\bigg\}* \[
                                                  \frac{A_(i.)}{A_(..)}\bigg]$$

Your command was ignored.
Type  I <command> <return>  to replace it with another command,
or  <return>  to continue without it.

[15

]
! Missing $ inserted.
<inserted text> 
                $
l.534 ...ixel, P is a precipitation multiplier, W_
                                                  i is a strategic wetland m...
I've inserted a begin-math/end-math symbol since I think
you left one out. Proceed, with fingers crossed.

! Double subscript.
l.534 ...i is a strategic wetland multiplier, R_i_
                                                  j is a row crop multiplier...
I treat `x_1_2' essentially like `x_1{}_2'.

! Double subscript.
l.534 ... R_i_j is a row crop multiplier, and C_i_
                                                  j is a conservation row cr...
I treat `x_1_2' essentially like `x_1{}_2'.

! Missing $ inserted.
<inserted text> 
                $
l.535 
      
I've inserted a begin-math/end-math symbol since I think
you left one out. Proceed, with fingers crossed.


Overfull \hbox (444.48627pt too wide) in paragraph at lines 534--535
[]\OT1/cmr/m/n/10.95 where i rep-re-sents the wa-ter-shed, j rep-re-sents the p
ixel, P is a pre-cip-i-ta-tion mul-ti-plier, W$[]\OML/cmm/m/it/10.95 isastrateg
icwetlandmultiplier; R[][]isarowcropmultiplier; andC[][]isaconservationrowcropm
ultiplier:$ 
 []

! Misplaced alignment tab character &.
l.540 ...the area of the subwatershed (Schilling &
                                                   Libra, 2000).\cite{53}
I can't figure out why you would want to use a tab mark
here. If you just want an ampersand, the remedy is
simple: Just type `I\&' now. But if some right brace
up above has ended a previous alignment prematurely,
you're probably due for more error messages, and you
might try typing `S' now just to see what is salvageable.

! Missing $ inserted.
<inserted text> 
                $
l.546 EC_
         i_j+ RC_i_j+ SDC_i_j
I've inserted a begin-math/end-math symbol since I think
you left one out. Proceed, with fingers crossed.

! Double subscript.
l.546 EC_i_
           j+ RC_i_j+ SDC_i_j
I treat `x_1_2' essentially like `x_1{}_2'.

! Double subscript.
l.546 EC_i_j+ RC_i_
                   j+ SDC_i_j
I treat `x_1_2' essentially like `x_1{}_2'.

! Double subscript.
l.546 EC_i_j+ RC_i_j+ SDC_i_
                            j
I treat `x_1_2' essentially like `x_1{}_2'.

! Missing $ inserted.
<inserted text> 
                $
l.547 
      
I've inserted a begin-math/end-math symbol since I think
you left one out. Proceed, with fingers crossed.

! Double subscript.
<argument> B_i_
               j*E_i_j* SDR_i_j* EF_i_j * STPE_i_j
l.550 ...E_i_j* SDR_i_j* EF_i_j * STPE_i_j}{2,000}
                                                  \]
I treat `x_1_2' essentially like `x_1{}_2'.

! Double subscript.
<argument> B_i_j*E_i_
                     j* SDR_i_j* EF_i_j * STPE_i_j
l.550 ...E_i_j* SDR_i_j* EF_i_j * STPE_i_j}{2,000}
                                                  \]
I treat `x_1_2' essentially like `x_1{}_2'.

! Double subscript.
<argument> B_i_j*E_i_j* SDR_i_
                              j* EF_i_j * STPE_i_j
l.550 ...E_i_j* SDR_i_j* EF_i_j * STPE_i_j}{2,000}
                                                  \]
I treat `x_1_2' essentially like `x_1{}_2'.

! Double subscript.
<argument> B_i_j*E_i_j* SDR_i_j* EF_i_
                                      j * STPE_i_j
l.550 ...E_i_j* SDR_i_j* EF_i_j * STPE_i_j}{2,000}
                                                  \]
I treat `x_1_2' essentially like `x_1{}_2'.

! Double subscript.
<argument> B_i_j*E_i_j* SDR_i_j* EF_i_j * STPE_i_
                                                 j
l.550 ...E_i_j* SDR_i_j* EF_i_j * STPE_i_j}{2,000}
                                                  \]
I treat `x_1_2' essentially like `x_1{}_2'.

! Missing $ inserted.
<inserted text> 
                $
l.553  0.7*(500+STP_
                    ij )* \[\frac{2,000}{1,000,00}\]
I've inserted a begin-math/end-math symbol since I think
you left one out. Proceed, with fingers crossed.


! LaTeX Error: Bad math environment delimiter.

See the LaTeX manual or LaTeX Companion for explanation.
Type  H <return>  for immediate help.
 ...                                              
                                                  
l.553  0.7*(500+STP_ij )* \[
                            \frac{2,000}{1,000,00}\]
Your command was ignored.
Type  I <command> <return>  to replace it with another command,
or  <return>  to continue without it.


! LaTeX Error: Bad math environment delimiter.

See the LaTeX manual or LaTeX Companion for explanation.
Type  H <return>  for immediate help.
 ...                                              
                                                  
l.553 ...(500+STP_ij )* \[\frac{2,000}{1,000,00}\]
                                                  
Your command was ignored.
Type  I <command> <return>  to replace it with another command,
or  <return>  to continue without it.

! Missing $ inserted.
<inserted text> 
                $
l.554 
      
I've inserted a begin-math/end-math symbol since I think
you left one out. Proceed, with fingers crossed.

! Missing $ inserted.
<inserted text> 
                $
l.560 RF_
         i_j*PF*(STPR_i_j+PA_i_j)
I've inserted a begin-math/end-math symbol since I think
you left one out. Proceed, with fingers crossed.

! Double subscript.
l.560 RF_i_
           j*PF*(STPR_i_j+PA_i_j)
I treat `x_1_2' essentially like `x_1{}_2'.

! Double subscript.
l.560 RF_i_j*PF*(STPR_i_
                        j+PA_i_j)
I treat `x_1_2' essentially like `x_1{}_2'.

! Double subscript.
l.560 RF_i_j*PF*(STPR_i_j+PA_i_
                               j)
I treat `x_1_2' essentially like `x_1{}_2'.

! Missing $ inserted.
<inserted text> 
                $
l.561 
      
I've inserted a begin-math/end-math symbol since I think
you left one out. Proceed, with fingers crossed.

[16]
! Double subscript.
l.587 $$\sum_{i=1}^n \sum_{j=1}^{m_i}A_i_
                                         j *YB_i_j\bigg[Yield Type\bigg]*YP_...
I treat `x_1_2' essentially like `x_1{}_2'.

! Double subscript.
l.587 $$\sum_{i=1}^n \sum_{j=1}^{m_i}A_i_j *YB_i_
                                                 j\bigg[Yield Type\bigg]*YP_...
I treat `x_1_2' essentially like `x_1{}_2'.

! Double subscript.
l.587 ...A_i_j *YB_i_j\bigg[Yield Type\bigg]*YP_i_
                                                  j $$
I treat `x_1_2' essentially like `x_1{}_2'.


Overfull \hbox (4.87216pt too wide) in paragraph at lines 592--621
 [][] 
 []

! Double subscript.
l.625 $$\sum_{i=1}^{n} \sum_{j=1}^{m_i} A_i_
                                            j *YB_i_j\bigg[Corn\bigg]*YP_i_j$$
I treat `x_1_2' essentially like `x_1{}_2'.

! Double subscript.
l.625 ...m_{i=1}^{n} \sum_{j=1}^{m_i} A_i_j *YB_i_
                                                  j\bigg[Corn\bigg]*YP_i_j$$
I treat `x_1_2' essentially like `x_1{}_2'.

! Double subscript.
l.625 ...{m_i} A_i_j *YB_i_j\bigg[Corn\bigg]*YP_i_
                                                  j$$
I treat `x_1_2' essentially like `x_1{}_2'.

[17]
! Double subscript.
l.666 $$\sum_{i=1}^{n} \sum_{j=1}^{m_i} A_i_
                                            j *YB_i_j\bigg[Soybean\bigg]*YP_...
I treat `x_1_2' essentially like `x_1{}_2'.

! Double subscript.
l.666 ...m_{i=1}^{n} \sum_{j=1}^{m_i} A_i_j *YB_i_
                                                  j\bigg[Soybean\bigg]*YP_i_j$$
I treat `x_1_2' essentially like `x_1{}_2'.

! Double subscript.
l.666 ...i} A_i_j *YB_i_j\bigg[Soybean\bigg]*YP_i_
                                                  j$$
I treat `x_1_2' essentially like `x_1{}_2'.

[18]
! Double subscript.
l.709 $$\sum_{i=1}^{n} \sum_{j=1}^{m_i} A_i_
                                            j *YB_i_j\bigg[Alfalfa\bigg]*YP_...
I treat `x_1_2' essentially like `x_1{}_2'.

! Double subscript.
l.709 ...m_{i=1}^{n} \sum_{j=1}^{m_i} A_i_j *YB_i_
                                                  j\bigg[Alfalfa\bigg]*YP_i_j$$
I treat `x_1_2' essentially like `x_1{}_2'.

! Double subscript.
l.709 ...i} A_i_j *YB_i_j\bigg[Alfalfa\bigg]*YP_i_
                                                  j$$
I treat `x_1_2' essentially like `x_1{}_2'.

! Double subscript.
l.751 $$\sum_{i=1}^{n} \sum_{j=1}^{m_i} A_i_
                                            j *YB_i_j\bigg[Grass Hay\bigg]*Y...
I treat `x_1_2' essentially like `x_1{}_2'.

! Double subscript.
l.751 ...m_{i=1}^{n} \sum_{j=1}^{m_i} A_i_j *YB_i_
                                                  j\bigg[Grass Hay\bigg]*YP_...
I treat `x_1_2' essentially like `x_1{}_2'.

! Double subscript.
l.751 ... A_i_j *YB_i_j\bigg[Grass Hay\bigg]*YP_i_
                                                  j$$
I treat `x_1_2' essentially like `x_1{}_2'.

[19]
! Double subscript.
l.793 $$\sum_{i=1}^{n} \sum_{j=1}^{m_i} A_i_
                                            j *YB_i_j\bigg[Cattle\bigg]*YP_i...
I treat `x_1_2' essentially like `x_1{}_2'.

! Double subscript.
l.793 ...m_{i=1}^{n} \sum_{j=1}^{m_i} A_i_j *YB_i_
                                                  j\bigg[Cattle\bigg]*YP_i_j$$
I treat `x_1_2' essentially like `x_1{}_2'.

! Double subscript.
l.793 ..._i} A_i_j *YB_i_j\bigg[Cattle\bigg]*YP_i_
                                                  j$$
I treat `x_1_2' essentially like `x_1{}_2'.

! Missing $ inserted.
<inserted text> 
                $
l.795 where YB_
               i_j\bigg[Cattle\bigg] = YB_i_j\bigg[Alfalfa\bigg] * \[\frac{S...
I've inserted a begin-math/end-math symbol since I think
you left one out. Proceed, with fingers crossed.

! Double subscript.
l.795 where YB_i_
                 j\bigg[Cattle\bigg] = YB_i_j\bigg[Alfalfa\bigg] * \[\frac{S...
I treat `x_1_2' essentially like `x_1{}_2'.

! Double subscript.
l.795 where YB_i_j\bigg[Cattle\bigg] = YB_i_
                                            j\bigg[Alfalfa\bigg] * \[\frac{S...
I treat `x_1_2' essentially like `x_1{}_2'.


! LaTeX Error: Bad math environment delimiter.

See the LaTeX manual or LaTeX Companion for explanation.
Type  H <return>  for immediate help.
 ...                                              
                                                  
l.795 ...le\bigg] = YB_i_j\bigg[Alfalfa\bigg] * \[
                                                  \frac{SU}{DI * GS}\]
Your command was ignored.
Type  I <command> <return>  to replace it with another command,
or  <return>  to continue without it.


! LaTeX Error: Bad math environment delimiter.

See the LaTeX manual or LaTeX Companion for explanation.
Type  H <return>  for immediate help.
 ...                                              
                                                  
l.795 ...gg[Alfalfa\bigg] * \[\frac{SU}{DI * GS}\]
                                                  
Your command was ignored.
Type  I <command> <return>  to replace it with another command,
or  <return>  to continue without it.

! Missing $ inserted.
<inserted text> 
                $
l.796 
      
I've inserted a begin-math/end-math symbol since I think
you left one out. Proceed, with fingers crossed.

[20]
! Double subscript.
l.842 $$\sum_{i=1}^{n} \sum_{j=1}^{m_i} A_i_
                                            j *YB_i_j\bigg[Cattle\bigg]*YP_i...
I treat `x_1_2' essentially like `x_1{}_2'.

! Double subscript.
l.842 ...m_{i=1}^{n} \sum_{j=1}^{m_i} A_i_j *YB_i_
                                                  j\bigg[Cattle\bigg]*YP_i_j$$
I treat `x_1_2' essentially like `x_1{}_2'.

! Double subscript.
l.842 ..._i} A_i_j *YB_i_j\bigg[Cattle\bigg]*YP_i_
                                                  j$$
I treat `x_1_2' essentially like `x_1{}_2'.

! Missing $ inserted.
<inserted text> 
                $
l.844 where YB_
               i_j\bigg[FruitVeg\bigg] = 0.25 * STM * (GRY + GBY + SQY + STY)
I've inserted a begin-math/end-math symbol since I think
you left one out. Proceed, with fingers crossed.

! Double subscript.
l.844 where YB_i_
                 j\bigg[FruitVeg\bigg] = 0.25 * STM * (GRY + GBY + SQY + STY)
I treat `x_1_2' essentially like `x_1{}_2'.

! Missing $ inserted.
<inserted text> 
                $
l.846 
      
I've inserted a begin-math/end-math symbol since I think
you left one out. Proceed, with fingers crossed.

! Missing } inserted.
<inserted text> 
                }
l.846 
      
I've inserted something that you may have forgotten.
(See the <inserted text> above.)
With luck, this will get me unwedged. But if you
really didn't forget anything, try typing `2' now; then
my insertion and my current dilemma will both disappear.


Overfull \hbox (54.68686pt too wide) in paragraph at lines 844--846
[]\OT1/cmr/m/n/10.95 where YB$[][][]\OML/cmm/m/it/10.95 FruitVeg[] \OT1/cmr/m/n
/10.95 = 0\OML/cmm/m/it/10.95 :\OT1/cmr/m/n/10.95 25 \OMS/cmsy/m/n/10.95  \OML
/cmm/m/it/10.95 STM \OMS/cmsy/m/n/10.95  \OT1/cmr/m/n/10.95 (\OML/cmm/m/it/10.
95 GRY \OT1/cmr/m/n/10.95 + \OML/cmm/m/it/10.95 GBY \OT1/cmr/m/n/10.95 + \OML/c
mm/m/it/10.95 SQY \OT1/cmr/m/n/10.95 + \OML/cmm/m/it/10.95 STY\OT1/cmr/m/n/10.9
5 )\OML/cmm/m/it/10.95 andrangesfrom\OT1/cmr/m/n/10.95 6\OML/cmm/m/it/10.95 :\O
T1/cmr/m/n/10.95 58\OML/cmm/m/it/10.95 to\OT1/cmr/m/n/10.95 16\OML/cmm/m/it/10.
95 :\OT1/cmr/m/n/10.95 5\OML/cmm/m/it/10.95 Mg=ha=yr[]$ 
 []

! Extra }, or forgotten \endgroup.
\par ...m \@noitemerr {\@@par }\fi \else {\@@par }
                                                  \fi 
l.846 
      
I've deleted a group-closing symbol because it seems to be
spurious, as in `$x}$'. But perhaps the } is legitimate and
you forgot something else, as in `\hbox{$x}'. In such cases
the way to recover is to insert both the forgotten and the
deleted material, e.g., by typing `I$}'.


Overfull \hbox (21.24852pt too wide) in paragraph at lines 856--867
 [][] 
 []

[21]
! Double subscript.
l.875 $$\sum_{i=1}^{n} \sum_{j=1}^{m_i} A_i_
                                            j *YB_i_j\bigg[Wood\bigg]*YP_i_j$$
I treat `x_1_2' essentially like `x_1{}_2'.

! Double subscript.
l.875 ...m_{i=1}^{n} \sum_{j=1}^{m_i} A_i_j *YB_i_
                                                  j\bigg[Wood\bigg]*YP_i_j$$
I treat `x_1_2' essentially like `x_1{}_2'.

! Double subscript.
l.875 ...{m_i} A_i_j *YB_i_j\bigg[Wood\bigg]*YP_i_
                                                  j$$
I treat `x_1_2' essentially like `x_1{}_2'.

! Missing $ inserted.
<inserted text> 
                $
l.877 where YB_
               i_j\bigg[Wood\bigg] = CM * YB_i_j\bigg[ConvWood\bigg]
I've inserted a begin-math/end-math symbol since I think
you left one out. Proceed, with fingers crossed.

! Double subscript.
l.877 where YB_i_
                 j\bigg[Wood\bigg] = CM * YB_i_j\bigg[ConvWood\bigg]
I treat `x_1_2' essentially like `x_1{}_2'.

! Double subscript.
l.877 where YB_i_j\bigg[Wood\bigg] = CM * YB_i_
                                               j\bigg[ConvWood\bigg]
I treat `x_1_2' essentially like `x_1{}_2'.

! Missing $ inserted.
<inserted text> 
                $
l.878 
      
I've inserted a begin-math/end-math symbol since I think
you left one out. Proceed, with fingers crossed.

! Missing } inserted.
<inserted text> 
                }
l.878 
      
I've inserted something that you may have forgotten.
(See the <inserted text> above.)
With luck, this will get me unwedged. But if you
really didn't forget anything, try typing `2' now; then
my insertion and my current dilemma will both disappear.

! Extra }, or forgotten \endgroup.
\@par ... \@noitemerr {\@@par }\fi \else {\@@par }
                                                  \fi 
l.878 
      
I've deleted a group-closing symbol because it seems to be
spurious, as in `$x}$'. But perhaps the } is legitimate and
you forgot something else, as in `\hbox{$x}'. In such cases
the way to recover is to insert both the forgotten and the
deleted material, e.g., by typing `I$}'.

! Missing $ inserted.
<inserted text> 
                $
l.879 ...orest and 1.0 in conventional forest. YP_
                                                  i_j is equal to 1 in all p...
I've inserted a begin-math/end-math symbol since I think
you left one out. Proceed, with fingers crossed.

! Double subscript.
l.879 ...est and 1.0 in conventional forest. YP_i_
                                                  j is equal to 1 in all pre...
I treat `x_1_2' essentially like `x_1{}_2'.

! Missing $ inserted.
<inserted text> 
                $
l.880 
      
I've inserted a begin-math/end-math symbol since I think
you left one out. Proceed, with fingers crossed.

! Missing } inserted.
<inserted text> 
                }
l.880 
      
I've inserted something that you may have forgotten.
(See the <inserted text> above.)
With luck, this will get me unwedged. But if you
really didn't forget anything, try typing `2' now; then
my insertion and my current dilemma will both disappear.


Overfull \hbox (618.22363pt too wide) in paragraph at lines 879--880
\OT1/cmr/m/n/10.95 for-est. YP$[][]\OML/cmm/m/it/10.95 isequalto\OT1/cmr/m/n/10
.95 1\OML/cmm/m/it/10.95 inallprecipitationscenarios:Yieldonaperunitbasisismaxi
mizedinNodaway\OT1/cmr/m/n/10.95 220\OML/cmm/m/it/10.95 ; Clarion\OT1/cmr/m/n/1
0.95 138\OML/cmm/m/it/10.95 B; Downs\OT1/cmr/m/n/10.95 162\OML/cmm/m/it/10.95 D
\OT1/cmr/m/n/10.95 2\OML/cmm/m/it/10.95 ; Tama\OT1/cmr/m/n/10.95 120\OML/cmm/m/
it/10.95 C\OT1/cmr/m/n/10.95 2\OML/cmm/m/it/10.95 ; andTama\OT1/cmr/m/n/10.95 1
20\OML/cmm/m/it/10.95 BsoilsandminimizedinCanisteo\OT1/cmr/m/n/10.95 507\OML/cm
m/m/it/10.95 ; Coland\OT1/cmr/m/n/10.95 135\OML/cmm/m/it/10.95 ; andOkoboji\OT1
/cmr/m/n/10.95 90\OML/cmm/m/it/10.95 soils:[]$ 
 []

! Extra }, or forgotten \endgroup.
\@par ... \@noitemerr {\@@par }\fi \else {\@@par }
                                                  \fi 
l.880 
      
I've deleted a group-closing symbol because it seems to be
spurious, as in `$x}$'. But perhaps the } is legitimate and
you forgot something else, as in `\hbox{$x}'. In such cases
the way to recover is to insert both the forgotten and the
deleted material, e.g., by typing `I$}'.

! Double subscript.
l.919 $$\sum_{i=1}^{n} \sum_{j=1}^{m_i} A_i_
                                            j *YB_i_j\bigg[Switchgrass\bigg]...
I treat `x_1_2' essentially like `x_1{}_2'.

! Double subscript.
l.919 ...m_{i=1}^{n} \sum_{j=1}^{m_i} A_i_j *YB_i_
                                                  j\bigg[Switchgrass\bigg]*Y...
I treat `x_1_2' essentially like `x_1{}_2'.

! Double subscript.
l.919 ..._i_j *YB_i_j\bigg[Switchgrass\bigg]*YP_i_
                                                  j$$
I treat `x_1_2' essentially like `x_1{}_2'.

! Missing $ inserted.
<inserted text> 
                $
l.921 where YB_
               i_j\bigg[Switchgrass\bigg] is given by the following table, w...
I've inserted a begin-math/end-math symbol since I think
you left one out. Proceed, with fingers crossed.

! Double subscript.
l.921 where YB_i_
                 j\bigg[Switchgrass\bigg] is given by the following table, w...
I treat `x_1_2' essentially like `x_1{}_2'.

! Missing $ inserted.
<inserted text> 
                $
l.922 
      
I've inserted a begin-math/end-math symbol since I think
you left one out. Proceed, with fingers crossed.

! Missing } inserted.
<inserted text> 
                }
l.922 
      
I've inserted something that you may have forgotten.
(See the <inserted text> above.)
With luck, this will get me unwedged. But if you
really didn't forget anything, try typing `2' now; then
my insertion and my current dilemma will both disappear.


Overfull \hbox (805.31366pt too wide) in paragraph at lines 921--922
[]\OT1/cmr/m/n/10.95 where YB$[][][]\OML/cmm/m/it/10.95 Switchgrass[]isgivenbyt
hefollowingtable; withvaluesrangingfrom\OT1/cmr/m/n/10.95 4\OML/cmm/m/it/10.95 
:\OT1/cmr/m/n/10.95 39\OML/cmm/m/it/10.95 Mg=hato\OT1/cmr/m/n/10.95 6\OML/cmm/m
/it/10.95 :\OT1/cmr/m/n/10.95 61\OML/cmm/m/it/10.95 Mg=ha:Switchgrassyieldonape
runitbasisisoptimizedinMuscatine\OT1/cmr/m/n/10.95 119\OML/cmm/m/it/10.95 soils
; closelyfollowedbyTama\OT1/cmr/m/n/10.95 120\OML/cmm/m/it/10.95 BandNicollet\O
T1/cmr/m/n/10.95 55\OML/cmm/m/it/10.95 soiltypes:ItisminimizedinBuckney\OT1/cmr
/m/n/10.95 1636\OML/cmm/m/it/10.95 ; Gara \OMS/cmsy/m/n/10.95  
 []


Overfull \hbox (23.17438pt too wide) in paragraph at lines 921--922
\OML/cmm/m/it/10.95 Armstrong\OT1/cmr/m/n/10.95 993\OML/cmm/m/it/10.95 E\OT1/cm
r/m/n/10.95 2\OML/cmm/m/it/10.95 ; Okoboji\OT1/cmr/m/n/10.95 90\OML/cmm/m/it/10
.95 ; andDowns\OT1/cmr/m/n/10.95 162\OML/cmm/m/it/10.95 D\OT1/cmr/m/n/10.95 2\O
ML/cmm/m/it/10.95 soils:Totalswitchgrassproductionisoptimizedinanon \OMS/cmsy/m
/n/10.95  
 []

! Extra }, or forgotten \endgroup.
\@par ... \@noitemerr {\@@par }\fi \else {\@@par }
                                                  \fi 
l.922 
      
I've deleted a group-closing symbol because it seems to be
spurious, as in `$x}$'. But perhaps the } is legitimate and
you forgot something else, as in `\hbox{$x}'. In such cases
the way to recover is to insert both the forgotten and the
deleted material, e.g., by typing `I$}'.

[22] [23] [24] [25] [26] [27] [28]
Underfull \hbox (badness 10000) in paragraph at lines 1099--1100
\OT1/cmtt/m/n/10.95 sites / www . extension . iastate . edu / files / soils / I
SU % 20CSR2 % 20formula % 20with %
 []


Underfull \hbox (badness 10000) in paragraph at lines 1109--1110
\OT1/cmtt/m/n/10.95 sites / www . extension . iastate . edu / files / soils / I
SU % 20CSR2 % 20formula % 20with %
 []

[29]
! Misplaced alignment tab character &.
l.1116 ...Iowa Soils,” Agriculture, Ecosystems &
                                                   Environment 105, no. 4 (M...
I can't figure out why you would want to use a tab mark
here. If you just want an ampersand, the remedy is
simple: Just type `I\&' now. But if some right brace
up above has ended a previous alignment prematurely,
you're probably due for more error messages, and you
might try typing `S' now just to see what is salvageable.

! Misplaced alignment tab character &.
l.1136 ... River Basin,” Environmental Science &
                                                   Technology 42, no. 3 (200...
I can't figure out why you would want to use a tab mark
here. If you just want an ampersand, the remedy is
simple: Just type `I\&' now. But if some right brace
up above has ended a previous alignment prematurely,
you're probably due for more error messages, and you
might try typing `S' now just to see what is salvageable.

[30]
Underfull \hbox (badness 5711) in paragraph at lines 1148--1149
\OT1/cmr/m/n/10.95 ser-va-tion Ser-vice], \Iowa Tech-ni-cal Note No. 25: Iowa P
hos-pho-rus In-dex"
 []


Underfull \hbox (badness 1648) in paragraph at lines 1148--1149
\OT1/cmr/m/n/10.95 (Des Moines, Iowa, 2004a), http://[][]$\OT1/cmtt/m/n/10.95 w
ww . nrcs . usda . gov / Internet / FSE _ DOCUMENTS /
 []

! Misplaced alignment tab character &.
l.1156 ...b), ftp://ftp.wcc.nrcs.usda.gov/wntsc/H&
                                                  H/NEHhydrology/ch9.pdf.
I can't figure out why you would want to use a tab mark
here. If you just want an ampersand, the remedy is
simple: Just type `I\&' now. But if some right brace
up above has ended a previous alignment prematurely,
you're probably due for more error messages, and you
might try typing `S' now just to see what is salvageable.

[31]
Underfull \hbox (badness 2564) in paragraph at lines 1164--1165
[]\OT1/cmr/m/n/10.95 1. USDA NRCS [United States De-part-ment of Agri-cul-ture 
Nat-u-ral Re-sources
 []


Underfull \hbox (badness 2221) in paragraph at lines 1164--1165
\OT1/cmr/m/n/10.95 Con-ser-va-tion Ser-vice], \Iowa Tech-ni-cal Note No. 25: Io
wa Phos-pho-rus In-dex"
 []


! LaTeX Error: \begin{itemize} on input line 797 ended by \end{document}.

See the LaTeX manual or LaTeX Companion for explanation.
Type  H <return>  for immediate help.
 ...                                              
                                                  
l.1176 \end{document}
                     
Your command was ignored.
Type  I <command> <return>  to replace it with another command,
or  <return>  to continue without it.

Package atveryend Info: Empty hook `BeforeClearDocument' on input line 1176.
[32]
Package atveryend Info: Empty hook `AfterLastShipout' on input line 1176.
 (advanced.aux)
Package atveryend Info: Executing hook `AtVeryEndDocument' on input line 1176.
Package atveryend Info: Executing hook `AtEndAfterFileList' on input line 1176.

Package rerunfilecheck Info: File `advanced.out' has not changed.
(rerunfilecheck)             Checksum: 37B8901C95F4B26F7E0C6ADAD20CB053;4838.
Package atveryend Info: Empty hook `AtVeryVeryEnd' on input line 1176.
 )
(\end occurred inside a group at level 1)

### semi simple group (level 1) entered at line 797 (\begingroup)
### bottom level 
Here is how much of TeX's memory you used:
 6582 strings out of 493323
 93697 string characters out of 3139066
 296083 words of memory out of 3000000
 9902 multiletter control sequences out of 15000+200000
 9624 words of font info for 34 fonts, out of 3000000 for 9000
 1141 hyphenation exceptions out of 8191
 28i,12n,43p,1247b,515s stack positions out of 5000i,500n,10000p,200000b,50000s
<C:/Program Files/MiKTeX 2.9/fonts/type1/public/amsfonts/cm/cmb
x10.pfb><C:/Program Files/MiKTeX 2.9/fonts/type1/public/amsfonts/cm/cmbx12.pfb>
<C:/Program Files/MiKTeX 2.9/fonts/type1/public/amsfonts/cm/cmex10.pfb><C:/Prog
ram Files/MiKTeX 2.9/fonts/type1/public/amsfonts/cm/cmmi10.pfb><C:/Program File
s/MiKTeX 2.9/fonts/type1/public/amsfonts/cm/cmmi6.pfb><C:/Program Files/MiKTeX 
2.9/fonts/type1/public/amsfonts/cm/cmmi8.pfb><C:/Program Files/MiKTeX 2.9/fonts
/type1/public/amsfonts/cm/cmr10.pfb><C:/Program Files/MiKTeX 2.9/fonts/type1/pu
blic/amsfonts/cm/cmr12.pfb><C:/Program Files/MiKTeX 2.9/fonts/type1/public/amsf
onts/cm/cmr17.pfb><C:/Program Files/MiKTeX 2.9/fonts/type1/public/amsfonts/cm/c
mr8.pfb><C:/Program Files/MiKTeX 2.9/fonts/type1/public/amsfonts/cm/cmsy10.pfb>
<C:/Program Files/MiKTeX 2.9/fonts/type1/public/amsfonts/cm/cmsy8.pfb><C:/Progr
am Files/MiKTeX 2.9/fonts/type1/public/amsfonts/cm/cmti10.pfb><C:/Program Files
/MiKTeX 2.9/fonts/type1/public/amsfonts/cm/cmtt10.pfb>
Output written on advanced.pdf (37 pages, 934137 bytes).
PDF statistics:
 796 PDF objects out of 1000 (max. 8388607)
 154 named destinations out of 1000 (max. 500000)
 582 words of extra memory for PDF output out of 10000 (max. 10000000)

