\BOOKMARK [1][-]{section*.1}{Summary}{}% 1
\BOOKMARK [1][-]{section*.2}{Acknowledgements}{}% 2
\BOOKMARK [1][-]{section.1}{Land Use}{}% 3
\BOOKMARK [2][-]{subsection.1.1}{Conventional Corn}{section.1}% 4
\BOOKMARK [2][-]{subsection.1.2}{Conventional Soy}{section.1}% 5
\BOOKMARK [2][-]{subsection.1.3}{Conservation Corn}{section.1}% 6
\BOOKMARK [2][-]{subsection.1.4}{Conservation Soy}{section.1}% 7
\BOOKMARK [2][-]{subsection.1.5}{Alfalfa}{section.1}% 8
\BOOKMARK [2][-]{subsection.1.6}{Mixed Fruit and Vegetables}{section.1}% 9
\BOOKMARK [2][-]{subsection.1.7}{Grass Hay}{section.1}% 10
\BOOKMARK [2][-]{subsection.1.8}{Switchgrass}{section.1}% 11
\BOOKMARK [2][-]{subsection.1.9}{Permanent Pasture}{section.1}% 12
\BOOKMARK [2][-]{subsection.1.10}{Rotational Grazing}{section.1}% 13
\BOOKMARK [2][-]{subsection.1.11}{Wetland}{section.1}% 14
\BOOKMARK [2][-]{subsection.1.12}{Prairie}{section.1}% 15
\BOOKMARK [2][-]{subsection.1.13}{Conventional Forest}{section.1}% 16
\BOOKMARK [2][-]{subsection.1.14}{Conservation Forest}{section.1}% 17
\BOOKMARK [2][-]{subsection.1.15}{Short-Rotation Woody Bioenergy}{section.1}% 18
\BOOKMARK [1][-]{section.2}{Physical Features}{}% 19
\BOOKMARK [2][-]{subsection.2.1}{Topographic Relief}{section.2}% 20
\BOOKMARK [2][-]{subsection.2.2}{Flood Frequency}{section.2}% 21
\BOOKMARK [2][-]{subsection.2.3}{Subwatershed Boundaries}{section.2}% 22
\BOOKMARK [2][-]{subsection.2.4}{Drainage Class}{section.2}% 23
\BOOKMARK [3][-]{subsubsection.2.4.1}{Hydrologic Group}{subsection.2.4}% 24
\BOOKMARK [2][-]{subsection.2.5}{Soil Class}{section.2}% 25
\BOOKMARK [2][-]{subsection.2.6}{Soil Texture}{section.2}% 26
\BOOKMARK [2][-]{subsection.2.7}{Corn Suitability Rating}{section.2}% 27
\BOOKMARK [1][-]{section.3}{Precipitation}{}% 28
\BOOKMARK [1][-]{section.4}{Management Practices}{}% 29
\BOOKMARK [1][-]{section.5}{Modules}{}% 30
